<?xml version="1.0" encoding="UTF-8"?>
<testsuite name="com.revature.daos.ReimbursementDaoImplTest" tests="4" skipped="0" failures="0" errors="0" timestamp="2022-02-07T21:15:37" hostname="HAKASE-KO" time="2.62">
  <properties/>
  <testcase name="testGetAllResolved" classname="com.revature.daos.ReimbursementDaoImplTest" time="1.668"/>
  <testcase name="testGetAllPending" classname="com.revature.daos.ReimbursementDaoImplTest" time="0.485"/>
  <testcase name="testGetById" classname="com.revature.daos.ReimbursementDaoImplTest" time="0.002"/>
  <testcase name="testGetAll" classname="com.revature.daos.ReimbursementDaoImplTest" time="0.462"/>
  <system-out><![CDATA[]]></system-out>
  <system-err><![CDATA[]]></system-err>
</testsuite>
