<?xml version="1.0" encoding="UTF-8"?>
<testsuite name="com.revature.services.ReimbursementServiceTest" tests="1" skipped="0" failures="0" errors="0" timestamp="2022-02-04T18:55:07" hostname="HAKASE-KO" time="0.006">
  <properties/>
  <testcase name="testCreateReimbursement" classname="com.revature.services.ReimbursementServiceTest" time="0.006"/>
  <system-out><![CDATA[]]></system-out>
  <system-err><![CDATA[]]></system-err>
</testsuite>
