<?xml version="1.0" encoding="UTF-8"?>
<testsuite name="com.revature.services.ReimbursementServiceTest" tests="7" skipped="0" failures="0" errors="0" timestamp="2022-02-08T21:21:33" hostname="HAKASE-KO" time="0.042">
  <properties/>
  <testcase name="testGetAllResolved" classname="com.revature.services.ReimbursementServiceTest" time="0.027"/>
  <testcase name="testGetAllPending" classname="com.revature.services.ReimbursementServiceTest" time="0.0"/>
  <testcase name="testCreateReimbursement" classname="com.revature.services.ReimbursementServiceTest" time="0.0"/>
  <testcase name="testGetById" classname="com.revature.services.ReimbursementServiceTest" time="0.014"/>
  <testcase name="testCreate" classname="com.revature.services.ReimbursementServiceTest" time="0.0"/>
  <testcase name="testGetAll" classname="com.revature.services.ReimbursementServiceTest" time="0.001"/>
  <testcase name="testUpdate" classname="com.revature.services.ReimbursementServiceTest" time="0.0"/>
  <system-out><![CDATA[null
]]></system-out>
  <system-err><![CDATA[]]></system-err>
</testsuite>
