<?xml version="1.0" encoding="UTF-8"?>
<testsuite name="com.revature.services.UserServiceTest" tests="1" skipped="0" failures="0" errors="0" timestamp="2022-02-08T21:30:56" hostname="HAKASE-KO" time="0.0">
  <properties/>
  <testcase name="testCreateUser" classname="com.revature.services.UserServiceTest" time="0.0"/>
  <system-out><![CDATA[]]></system-out>
  <system-err><![CDATA[]]></system-err>
</testsuite>
