<?xml version="1.0" encoding="UTF-8"?>
<testsuite name="com.revature.daos.ReimbursementDaoImplTest" tests="4" skipped="0" failures="0" errors="0" timestamp="2022-02-08T21:30:53" hostname="HAKASE-KO" time="1.875">
  <properties/>
  <testcase name="testGetAllResolved" classname="com.revature.daos.ReimbursementDaoImplTest" time="0.699"/>
  <testcase name="testGetAllPending" classname="com.revature.daos.ReimbursementDaoImplTest" time="0.001"/>
  <testcase name="testGetById" classname="com.revature.daos.ReimbursementDaoImplTest" time="1.173"/>
  <testcase name="testGetAll" classname="com.revature.daos.ReimbursementDaoImplTest" time="0.001"/>
  <system-out><![CDATA[[]
Reimbursement{id=0, amount=0.0, submitted=null, resolved=null, author=0, resolver=0, statusId=0, typeId=0}
]]></system-out>
  <system-err><![CDATA[]]></system-err>
</testsuite>
